<?xml version="1.0" encoding="UTF-8"?>
<testsuite xmlns:xsi="http://www.w3.org/2001/XMLSchema-instance" xsi:noNamespaceSchemaLocation="https://maven.apache.org/surefire/maven-surefire-plugin/xsd/surefire-test-report-3.0.xsd" version="3.0" name="Runner" time="20.988" tests="1" errors="0" skipped="0" failures="0">
  <properties>
    <property name="java.specification.version" value="17"/>
    <property name="webdriver.chrome.driver" value="/Users/farah/Desktop/orangeHRMAutomation/Autoamtion/src/test/resources/drivers/chromedriver"/>
    <property name="sun.jnu.encoding" value="UTF-8"/>
    <property name="java.class.path" value="/Users/farah/Desktop/orangeHRMAutomation/Autoamtion/target/test-classes:/Users/farah/Desktop/orangeHRMAutomation/Autoamtion/target/classes:/Users/farah/.m2/repository/junit/junit/4.11/junit-4.11.jar:/Users/farah/.m2/repository/org/hamcrest/hamcrest-core/1.3/hamcrest-core-1.3.jar:/Users/farah/.m2/repository/org/seleniumhq/selenium/selenium-java/4.5.3/selenium-java-4.5.3.jar:/Users/farah/.m2/repository/org/seleniumhq/selenium/selenium-api/4.5.3/selenium-api-4.5.3.jar:/Users/farah/.m2/repository/org/seleniumhq/selenium/selenium-chrome-driver/4.5.3/selenium-chrome-driver-4.5.3.jar:/Users/farah/.m2/repository/org/seleniumhq/selenium/selenium-chromium-driver/4.5.3/selenium-chromium-driver-4.5.3.jar:/Users/farah/.m2/repository/org/seleniumhq/selenium/selenium-devtools-v104/4.5.3/selenium-devtools-v104-4.5.3.jar:/Users/farah/.m2/repository/org/seleniumhq/selenium/selenium-devtools-v105/4.5.3/selenium-devtools-v105-4.5.3.jar:/Users/farah/.m2/repository/org/seleniumhq/selenium/selenium-devtools-v106/4.5.3/selenium-devtools-v106-4.5.3.jar:/Users/farah/.m2/repository/org/seleniumhq/selenium/selenium-devtools-v85/4.5.3/selenium-devtools-v85-4.5.3.jar:/Users/farah/.m2/repository/org/seleniumhq/selenium/selenium-edge-driver/4.5.3/selenium-edge-driver-4.5.3.jar:/Users/farah/.m2/repository/org/seleniumhq/selenium/selenium-firefox-driver/4.5.3/selenium-firefox-driver-4.5.3.jar:/Users/farah/.m2/repository/org/seleniumhq/selenium/selenium-ie-driver/4.5.3/selenium-ie-driver-4.5.3.jar:/Users/farah/.m2/repository/org/seleniumhq/selenium/selenium-safari-driver/4.5.3/selenium-safari-driver-4.5.3.jar:/Users/farah/.m2/repository/org/seleniumhq/selenium/selenium-support/4.5.3/selenium-support-4.5.3.jar:/Users/farah/.m2/repository/org/seleniumhq/selenium/selenium-remote-driver/4.8.1/selenium-remote-driver-4.8.1.jar:/Users/farah/.m2/repository/com/beust/jcommander/1.82/jcommander-1.82.jar:/Users/farah/.m2/repository/com/google/auto/service/auto-service-annotations/1.0.1/auto-service-annotations-1.0.1.jar:/Users/farah/.m2/repository/com/google/auto/service/auto-service/1.0.1/auto-service-1.0.1.jar:/Users/farah/.m2/repository/com/google/auto/auto-common/1.2/auto-common-1.2.jar:/Users/farah/.m2/repository/com/google/guava/guava/31.1-jre/guava-31.1-jre.jar:/Users/farah/.m2/repository/com/google/guava/failureaccess/1.0.1/failureaccess-1.0.1.jar:/Users/farah/.m2/repository/com/google/guava/listenablefuture/9999.0-empty-to-avoid-conflict-with-guava/listenablefuture-9999.0-empty-to-avoid-conflict-with-guava.jar:/Users/farah/.m2/repository/com/google/code/findbugs/jsr305/3.0.2/jsr305-3.0.2.jar:/Users/farah/.m2/repository/org/checkerframework/checker-qual/3.12.0/checker-qual-3.12.0.jar:/Users/farah/.m2/repository/com/google/errorprone/error_prone_annotations/2.11.0/error_prone_annotations-2.11.0.jar:/Users/farah/.m2/repository/com/google/j2objc/j2objc-annotations/1.3/j2objc-annotations-1.3.jar:/Users/farah/.m2/repository/io/netty/netty-buffer/4.1.87.Final/netty-buffer-4.1.87.Final.jar:/Users/farah/.m2/repository/io/netty/netty-codec-http/4.1.87.Final/netty-codec-http-4.1.87.Final.jar:/Users/farah/.m2/repository/io/netty/netty-codec/4.1.87.Final/netty-codec-4.1.87.Final.jar:/Users/farah/.m2/repository/io/netty/netty-handler/4.1.87.Final/netty-handler-4.1.87.Final.jar:/Users/farah/.m2/repository/io/netty/netty-common/4.1.87.Final/netty-common-4.1.87.Final.jar:/Users/farah/.m2/repository/io/netty/netty-transport-classes-epoll/4.1.87.Final/netty-transport-classes-epoll-4.1.87.Final.jar:/Users/farah/.m2/repository/io/netty/netty-transport-classes-kqueue/4.1.87.Final/netty-transport-classes-kqueue-4.1.87.Final.jar:/Users/farah/.m2/repository/io/netty/netty-transport-native-epoll/4.1.87.Final/netty-transport-native-epoll-4.1.87.Final.jar:/Users/farah/.m2/repository/io/netty/netty-transport-native-kqueue/4.1.87.Final/netty-transport-native-kqueue-4.1.87.Final.jar:/Users/farah/.m2/repository/io/netty/netty-transport-native-unix-common/4.1.87.Final/netty-transport-native-unix-common-4.1.87.Final.jar:/Users/farah/.m2/repository/io/netty/netty-transport/4.1.87.Final/netty-transport-4.1.87.Final.jar:/Users/farah/.m2/repository/io/netty/netty-resolver/4.1.87.Final/netty-resolver-4.1.87.Final.jar:/Users/farah/.m2/repository/io/opentelemetry/opentelemetry-api/1.22.0/opentelemetry-api-1.22.0.jar:/Users/farah/.m2/repository/io/opentelemetry/opentelemetry-context/1.22.0/opentelemetry-context-1.22.0.jar:/Users/farah/.m2/repository/io/opentelemetry/opentelemetry-exporter-logging/1.22.0/opentelemetry-exporter-logging-1.22.0.jar:/Users/farah/.m2/repository/io/opentelemetry/opentelemetry-sdk-metrics/1.22.0/opentelemetry-sdk-metrics-1.22.0.jar:/Users/farah/.m2/repository/io/opentelemetry/opentelemetry-sdk-logs/1.22.0-alpha/opentelemetry-sdk-logs-1.22.0-alpha.jar:/Users/farah/.m2/repository/io/opentelemetry/opentelemetry-api-logs/1.22.0-alpha/opentelemetry-api-logs-1.22.0-alpha.jar:/Users/farah/.m2/repository/io/opentelemetry/opentelemetry-sdk-common/1.22.0/opentelemetry-sdk-common-1.22.0.jar:/Users/farah/.m2/repository/io/opentelemetry/opentelemetry-sdk-extension-autoconfigure-spi/1.22.0/opentelemetry-sdk-extension-autoconfigure-spi-1.22.0.jar:/Users/farah/.m2/repository/io/opentelemetry/opentelemetry-sdk-extension-autoconfigure/1.22.0-alpha/opentelemetry-sdk-extension-autoconfigure-1.22.0-alpha.jar:/Users/farah/.m2/repository/io/opentelemetry/opentelemetry-sdk-trace/1.22.0/opentelemetry-sdk-trace-1.22.0.jar:/Users/farah/.m2/repository/io/opentelemetry/opentelemetry-sdk/1.22.0/opentelemetry-sdk-1.22.0.jar:/Users/farah/.m2/repository/io/opentelemetry/opentelemetry-semconv/1.22.0-alpha/opentelemetry-semconv-1.22.0-alpha.jar:/Users/farah/.m2/repository/io/ous/jtoml/2.0.0/jtoml-2.0.0.jar:/Users/farah/.m2/repository/net/bytebuddy/byte-buddy/1.12.22/byte-buddy-1.12.22.jar:/Users/farah/.m2/repository/org/apache/commons/commons-exec/1.3/commons-exec-1.3.jar:/Users/farah/.m2/repository/org/asynchttpclient/async-http-client/2.12.3/async-http-client-2.12.3.jar:/Users/farah/.m2/repository/org/asynchttpclient/async-http-client-netty-utils/2.12.3/async-http-client-netty-utils-2.12.3.jar:/Users/farah/.m2/repository/io/netty/netty-codec-socks/4.1.60.Final/netty-codec-socks-4.1.60.Final.jar:/Users/farah/.m2/repository/io/netty/netty-handler-proxy/4.1.60.Final/netty-handler-proxy-4.1.60.Final.jar:/Users/farah/.m2/repository/io/netty/netty-transport-native-epoll/4.1.60.Final/netty-transport-native-epoll-4.1.60.Final-linux-x86_64.jar:/Users/farah/.m2/repository/io/netty/netty-transport-native-kqueue/4.1.60.Final/netty-transport-native-kqueue-4.1.60.Final-osx-x86_64.jar:/Users/farah/.m2/repository/org/reactivestreams/reactive-streams/1.0.3/reactive-streams-1.0.3.jar:/Users/farah/.m2/repository/com/typesafe/netty/netty-reactive-streams/2.0.4/netty-reactive-streams-2.0.4.jar:/Users/farah/.m2/repository/com/sun/activation/jakarta.activation/1.2.2/jakarta.activation-1.2.2.jar:/Users/farah/.m2/repository/org/seleniumhq/selenium/selenium-http/4.8.1/selenium-http-4.8.1.jar:/Users/farah/.m2/repository/dev/failsafe/failsafe/3.3.0/failsafe-3.3.0.jar:/Users/farah/.m2/repository/org/seleniumhq/selenium/selenium-json/4.8.1/selenium-json-4.8.1.jar:/Users/farah/.m2/repository/org/seleniumhq/selenium/selenium-manager/4.8.1/selenium-manager-4.8.1.jar:/Users/farah/.m2/repository/org/testng/testng/7.7.0/testng-7.7.0.jar:/Users/farah/.m2/repository/org/slf4j/slf4j-api/1.7.36/slf4j-api-1.7.36.jar:/Users/farah/.m2/repository/org/webjars/jquery/3.6.1/jquery-3.6.1.jar:/Users/farah/.m2/repository/io/cucumber/cucumber-testng/7.2.3/cucumber-testng-7.2.3.jar:/Users/farah/.m2/repository/org/apiguardian/apiguardian-api/1.1.2/apiguardian-api-1.1.2.jar:/Users/farah/.m2/repository/io/cucumber/cucumber-core/7.2.3/cucumber-core-7.2.3.jar:/Users/farah/.m2/repository/io/cucumber/cucumber-gherkin/7.2.3/cucumber-gherkin-7.2.3.jar:/Users/farah/.m2/repository/io/cucumber/cucumber-gherkin-messages/7.2.3/cucumber-gherkin-messages-7.2.3.jar:/Users/farah/.m2/repository/io/cucumber/messages/17.1.1/messages-17.1.1.jar:/Users/farah/.m2/repository/io/cucumber/tag-expressions/4.1.0/tag-expressions-4.1.0.jar:/Users/farah/.m2/repository/io/cucumber/cucumber-expressions/15.0.1/cucumber-expressions-15.0.1.jar:/Users/farah/.m2/repository/io/cucumber/datatable/7.2.3/datatable-7.2.3.jar:/Users/farah/.m2/repository/io/cucumber/cucumber-plugin/7.2.3/cucumber-plugin-7.2.3.jar:/Users/farah/.m2/repository/io/cucumber/docstring/7.2.3/docstring-7.2.3.jar:/Users/farah/.m2/repository/io/cucumber/html-formatter/17.0.0/html-formatter-17.0.0.jar:/Users/farah/.m2/repository/io/cucumber/ci-environment/8.1.0/ci-environment-8.1.0.jar:/Users/farah/.m2/repository/org/assertj/assertj-core/3.23.1/assertj-core-3.23.1.jar:/Users/farah/.m2/repository/io/cucumber/cucumber-java/7.2.3/cucumber-java-7.2.3.jar:/Users/farah/.m2/repository/com/paulhammant/ngwebdriver/1.2/ngwebdriver-1.2.jar:/Users/farah/.m2/repository/io/github/bonigarcia/webdrivermanager/5.3.2/webdrivermanager-5.3.2.jar:/Users/farah/.m2/repository/com/google/code/gson/gson/2.10.1/gson-2.10.1.jar:/Users/farah/.m2/repository/com/github/docker-java/docker-java/3.2.14/docker-java-3.2.14.jar:/Users/farah/.m2/repository/com/github/docker-java/docker-java-core/3.2.14/docker-java-core-3.2.14.jar:/Users/farah/.m2/repository/com/github/docker-java/docker-java-api/3.2.14/docker-java-api-3.2.14.jar:/Users/farah/.m2/repository/com/fasterxml/jackson/core/jackson-annotations/2.10.3/jackson-annotations-2.10.3.jar:/Users/farah/.m2/repository/commons-io/commons-io/2.6/commons-io-2.6.jar:/Users/farah/.m2/repository/org/apache/commons/commons-compress/1.21/commons-compress-1.21.jar:/Users/farah/.m2/repository/com/fasterxml/jackson/core/jackson-databind/2.10.3/jackson-databind-2.10.3.jar:/Users/farah/.m2/repository/com/fasterxml/jackson/core/jackson-core/2.10.3/jackson-core-2.10.3.jar:/Users/farah/.m2/repository/org/bouncycastle/bcpkix-jdk15on/1.64/bcpkix-jdk15on-1.64.jar:/Users/farah/.m2/repository/org/bouncycastle/bcprov-jdk15on/1.64/bcprov-jdk15on-1.64.jar:/Users/farah/.m2/repository/org/slf4j/jcl-over-slf4j/1.7.30/jcl-over-slf4j-1.7.30.jar:/Users/farah/.m2/repository/com/github/docker-java/docker-java-transport-httpclient5/3.2.14/docker-java-transport-httpclient5-3.2.14.jar:/Users/farah/.m2/repository/com/github/docker-java/docker-java-transport/3.2.14/docker-java-transport-3.2.14.jar:/Users/farah/.m2/repository/net/java/dev/jna/jna/5.12.1/jna-5.12.1.jar:/Users/farah/.m2/repository/org/brotli/dec/0.1.2/dec-0.1.2.jar:/Users/farah/.m2/repository/org/apache/commons/commons-lang3/3.12.0/commons-lang3-3.12.0.jar:/Users/farah/.m2/repository/org/apache/httpcomponents/client5/httpclient5/5.2.1/httpclient5-5.2.1.jar:/Users/farah/.m2/repository/org/apache/httpcomponents/core5/httpcore5/5.2/httpcore5-5.2.jar:/Users/farah/.m2/repository/org/apache/httpcomponents/core5/httpcore5-h2/5.2/httpcore5-h2-5.2.jar:"/>
    <property name="java.vm.vendor" value="Oracle Corporation"/>
    <property name="sun.arch.data.model" value="64"/>
    <property name="java.vendor.url" value="https://java.oracle.com/"/>
    <property name="user.timezone" value="Asia/Amman"/>
    <property name="os.name" value="Mac OS X"/>
    <property name="java.vm.specification.version" value="17"/>
    <property name="sun.java.launcher" value="SUN_STANDARD"/>
    <property name="user.country" value="JO"/>
    <property name="sun.boot.library.path" value="/Library/Java/JavaVirtualMachines/jdk-17.jdk/Contents/Home/lib"/>
    <property name="sun.java.command" value="/Users/farah/Desktop/orangeHRMAutomation/Autoamtion/target/surefire/surefirebooter-20230830182735308_3.jar /Users/farah/Desktop/orangeHRMAutomation/Autoamtion/target/surefire 2023-08-30T18-27-35_220-jvmRun1 surefire-20230830182735308_1tmp surefire_0-20230830182735308_2tmp"/>
    <property name="http.nonProxyHosts" value="local|*.local|169.254/16|*.169.254/16"/>
    <property name="jdk.debug" value="release"/>
    <property name="surefire.test.class.path" value="/Users/farah/Desktop/orangeHRMAutomation/Autoamtion/target/test-classes:/Users/farah/Desktop/orangeHRMAutomation/Autoamtion/target/classes:/Users/farah/.m2/repository/junit/junit/4.11/junit-4.11.jar:/Users/farah/.m2/repository/org/hamcrest/hamcrest-core/1.3/hamcrest-core-1.3.jar:/Users/farah/.m2/repository/org/seleniumhq/selenium/selenium-java/4.5.3/selenium-java-4.5.3.jar:/Users/farah/.m2/repository/org/seleniumhq/selenium/selenium-api/4.5.3/selenium-api-4.5.3.jar:/Users/farah/.m2/repository/org/seleniumhq/selenium/selenium-chrome-driver/4.5.3/selenium-chrome-driver-4.5.3.jar:/Users/farah/.m2/repository/org/seleniumhq/selenium/selenium-chromium-driver/4.5.3/selenium-chromium-driver-4.5.3.jar:/Users/farah/.m2/repository/org/seleniumhq/selenium/selenium-devtools-v104/4.5.3/selenium-devtools-v104-4.5.3.jar:/Users/farah/.m2/repository/org/seleniumhq/selenium/selenium-devtools-v105/4.5.3/selenium-devtools-v105-4.5.3.jar:/Users/farah/.m2/repository/org/seleniumhq/selenium/selenium-devtools-v106/4.5.3/selenium-devtools-v106-4.5.3.jar:/Users/farah/.m2/repository/org/seleniumhq/selenium/selenium-devtools-v85/4.5.3/selenium-devtools-v85-4.5.3.jar:/Users/farah/.m2/repository/org/seleniumhq/selenium/selenium-edge-driver/4.5.3/selenium-edge-driver-4.5.3.jar:/Users/farah/.m2/repository/org/seleniumhq/selenium/selenium-firefox-driver/4.5.3/selenium-firefox-driver-4.5.3.jar:/Users/farah/.m2/repository/org/seleniumhq/selenium/selenium-ie-driver/4.5.3/selenium-ie-driver-4.5.3.jar:/Users/farah/.m2/repository/org/seleniumhq/selenium/selenium-safari-driver/4.5.3/selenium-safari-driver-4.5.3.jar:/Users/farah/.m2/repository/org/seleniumhq/selenium/selenium-support/4.5.3/selenium-support-4.5.3.jar:/Users/farah/.m2/repository/org/seleniumhq/selenium/selenium-remote-driver/4.8.1/selenium-remote-driver-4.8.1.jar:/Users/farah/.m2/repository/com/beust/jcommander/1.82/jcommander-1.82.jar:/Users/farah/.m2/repository/com/google/auto/service/auto-service-annotations/1.0.1/auto-service-annotations-1.0.1.jar:/Users/farah/.m2/repository/com/google/auto/service/auto-service/1.0.1/auto-service-1.0.1.jar:/Users/farah/.m2/repository/com/google/auto/auto-common/1.2/auto-common-1.2.jar:/Users/farah/.m2/repository/com/google/guava/guava/31.1-jre/guava-31.1-jre.jar:/Users/farah/.m2/repository/com/google/guava/failureaccess/1.0.1/failureaccess-1.0.1.jar:/Users/farah/.m2/repository/com/google/guava/listenablefuture/9999.0-empty-to-avoid-conflict-with-guava/listenablefuture-9999.0-empty-to-avoid-conflict-with-guava.jar:/Users/farah/.m2/repository/com/google/code/findbugs/jsr305/3.0.2/jsr305-3.0.2.jar:/Users/farah/.m2/repository/org/checkerframework/checker-qual/3.12.0/checker-qual-3.12.0.jar:/Users/farah/.m2/repository/com/google/errorprone/error_prone_annotations/2.11.0/error_prone_annotations-2.11.0.jar:/Users/farah/.m2/repository/com/google/j2objc/j2objc-annotations/1.3/j2objc-annotations-1.3.jar:/Users/farah/.m2/repository/io/netty/netty-buffer/4.1.87.Final/netty-buffer-4.1.87.Final.jar:/Users/farah/.m2/repository/io/netty/netty-codec-http/4.1.87.Final/netty-codec-http-4.1.87.Final.jar:/Users/farah/.m2/repository/io/netty/netty-codec/4.1.87.Final/netty-codec-4.1.87.Final.jar:/Users/farah/.m2/repository/io/netty/netty-handler/4.1.87.Final/netty-handler-4.1.87.Final.jar:/Users/farah/.m2/repository/io/netty/netty-common/4.1.87.Final/netty-common-4.1.87.Final.jar:/Users/farah/.m2/repository/io/netty/netty-transport-classes-epoll/4.1.87.Final/netty-transport-classes-epoll-4.1.87.Final.jar:/Users/farah/.m2/repository/io/netty/netty-transport-classes-kqueue/4.1.87.Final/netty-transport-classes-kqueue-4.1.87.Final.jar:/Users/farah/.m2/repository/io/netty/netty-transport-native-epoll/4.1.87.Final/netty-transport-native-epoll-4.1.87.Final.jar:/Users/farah/.m2/repository/io/netty/netty-transport-native-kqueue/4.1.87.Final/netty-transport-native-kqueue-4.1.87.Final.jar:/Users/farah/.m2/repository/io/netty/netty-transport-native-unix-common/4.1.87.Final/netty-transport-native-unix-common-4.1.87.Final.jar:/Users/farah/.m2/repository/io/netty/netty-transport/4.1.87.Final/netty-transport-4.1.87.Final.jar:/Users/farah/.m2/repository/io/netty/netty-resolver/4.1.87.Final/netty-resolver-4.1.87.Final.jar:/Users/farah/.m2/repository/io/opentelemetry/opentelemetry-api/1.22.0/opentelemetry-api-1.22.0.jar:/Users/farah/.m2/repository/io/opentelemetry/opentelemetry-context/1.22.0/opentelemetry-context-1.22.0.jar:/Users/farah/.m2/repository/io/opentelemetry/opentelemetry-exporter-logging/1.22.0/opentelemetry-exporter-logging-1.22.0.jar:/Users/farah/.m2/repository/io/opentelemetry/opentelemetry-sdk-metrics/1.22.0/opentelemetry-sdk-metrics-1.22.0.jar:/Users/farah/.m2/repository/io/opentelemetry/opentelemetry-sdk-logs/1.22.0-alpha/opentelemetry-sdk-logs-1.22.0-alpha.jar:/Users/farah/.m2/repository/io/opentelemetry/opentelemetry-api-logs/1.22.0-alpha/opentelemetry-api-logs-1.22.0-alpha.jar:/Users/farah/.m2/repository/io/opentelemetry/opentelemetry-sdk-common/1.22.0/opentelemetry-sdk-common-1.22.0.jar:/Users/farah/.m2/repository/io/opentelemetry/opentelemetry-sdk-extension-autoconfigure-spi/1.22.0/opentelemetry-sdk-extension-autoconfigure-spi-1.22.0.jar:/Users/farah/.m2/repository/io/opentelemetry/opentelemetry-sdk-extension-autoconfigure/1.22.0-alpha/opentelemetry-sdk-extension-autoconfigure-1.22.0-alpha.jar:/Users/farah/.m2/repository/io/opentelemetry/opentelemetry-sdk-trace/1.22.0/opentelemetry-sdk-trace-1.22.0.jar:/Users/farah/.m2/repository/io/opentelemetry/opentelemetry-sdk/1.22.0/opentelemetry-sdk-1.22.0.jar:/Users/farah/.m2/repository/io/opentelemetry/opentelemetry-semconv/1.22.0-alpha/opentelemetry-semconv-1.22.0-alpha.jar:/Users/farah/.m2/repository/io/ous/jtoml/2.0.0/jtoml-2.0.0.jar:/Users/farah/.m2/repository/net/bytebuddy/byte-buddy/1.12.22/byte-buddy-1.12.22.jar:/Users/farah/.m2/repository/org/apache/commons/commons-exec/1.3/commons-exec-1.3.jar:/Users/farah/.m2/repository/org/asynchttpclient/async-http-client/2.12.3/async-http-client-2.12.3.jar:/Users/farah/.m2/repository/org/asynchttpclient/async-http-client-netty-utils/2.12.3/async-http-client-netty-utils-2.12.3.jar:/Users/farah/.m2/repository/io/netty/netty-codec-socks/4.1.60.Final/netty-codec-socks-4.1.60.Final.jar:/Users/farah/.m2/repository/io/netty/netty-handler-proxy/4.1.60.Final/netty-handler-proxy-4.1.60.Final.jar:/Users/farah/.m2/repository/io/netty/netty-transport-native-epoll/4.1.60.Final/netty-transport-native-epoll-4.1.60.Final-linux-x86_64.jar:/Users/farah/.m2/repository/io/netty/netty-transport-native-kqueue/4.1.60.Final/netty-transport-native-kqueue-4.1.60.Final-osx-x86_64.jar:/Users/farah/.m2/repository/org/reactivestreams/reactive-streams/1.0.3/reactive-streams-1.0.3.jar:/Users/farah/.m2/repository/com/typesafe/netty/netty-reactive-streams/2.0.4/netty-reactive-streams-2.0.4.jar:/Users/farah/.m2/repository/com/sun/activation/jakarta.activation/1.2.2/jakarta.activation-1.2.2.jar:/Users/farah/.m2/repository/org/seleniumhq/selenium/selenium-http/4.8.1/selenium-http-4.8.1.jar:/Users/farah/.m2/repository/dev/failsafe/failsafe/3.3.0/failsafe-3.3.0.jar:/Users/farah/.m2/repository/org/seleniumhq/selenium/selenium-json/4.8.1/selenium-json-4.8.1.jar:/Users/farah/.m2/repository/org/seleniumhq/selenium/selenium-manager/4.8.1/selenium-manager-4.8.1.jar:/Users/farah/.m2/repository/org/testng/testng/7.7.0/testng-7.7.0.jar:/Users/farah/.m2/repository/org/slf4j/slf4j-api/1.7.36/slf4j-api-1.7.36.jar:/Users/farah/.m2/repository/org/webjars/jquery/3.6.1/jquery-3.6.1.jar:/Users/farah/.m2/repository/io/cucumber/cucumber-testng/7.2.3/cucumber-testng-7.2.3.jar:/Users/farah/.m2/repository/org/apiguardian/apiguardian-api/1.1.2/apiguardian-api-1.1.2.jar:/Users/farah/.m2/repository/io/cucumber/cucumber-core/7.2.3/cucumber-core-7.2.3.jar:/Users/farah/.m2/repository/io/cucumber/cucumber-gherkin/7.2.3/cucumber-gherkin-7.2.3.jar:/Users/farah/.m2/repository/io/cucumber/cucumber-gherkin-messages/7.2.3/cucumber-gherkin-messages-7.2.3.jar:/Users/farah/.m2/repository/io/cucumber/messages/17.1.1/messages-17.1.1.jar:/Users/farah/.m2/repository/io/cucumber/tag-expressions/4.1.0/tag-expressions-4.1.0.jar:/Users/farah/.m2/repository/io/cucumber/cucumber-expressions/15.0.1/cucumber-expressions-15.0.1.jar:/Users/farah/.m2/repository/io/cucumber/datatable/7.2.3/datatable-7.2.3.jar:/Users/farah/.m2/repository/io/cucumber/cucumber-plugin/7.2.3/cucumber-plugin-7.2.3.jar:/Users/farah/.m2/repository/io/cucumber/docstring/7.2.3/docstring-7.2.3.jar:/Users/farah/.m2/repository/io/cucumber/html-formatter/17.0.0/html-formatter-17.0.0.jar:/Users/farah/.m2/repository/io/cucumber/ci-environment/8.1.0/ci-environment-8.1.0.jar:/Users/farah/.m2/repository/org/assertj/assertj-core/3.23.1/assertj-core-3.23.1.jar:/Users/farah/.m2/repository/io/cucumber/cucumber-java/7.2.3/cucumber-java-7.2.3.jar:/Users/farah/.m2/repository/com/paulhammant/ngwebdriver/1.2/ngwebdriver-1.2.jar:/Users/farah/.m2/repository/io/github/bonigarcia/webdrivermanager/5.3.2/webdrivermanager-5.3.2.jar:/Users/farah/.m2/repository/com/google/code/gson/gson/2.10.1/gson-2.10.1.jar:/Users/farah/.m2/repository/com/github/docker-java/docker-java/3.2.14/docker-java-3.2.14.jar:/Users/farah/.m2/repository/com/github/docker-java/docker-java-core/3.2.14/docker-java-core-3.2.14.jar:/Users/farah/.m2/repository/com/github/docker-java/docker-java-api/3.2.14/docker-java-api-3.2.14.jar:/Users/farah/.m2/repository/com/fasterxml/jackson/core/jackson-annotations/2.10.3/jackson-annotations-2.10.3.jar:/Users/farah/.m2/repository/commons-io/commons-io/2.6/commons-io-2.6.jar:/Users/farah/.m2/repository/org/apache/commons/commons-compress/1.21/commons-compress-1.21.jar:/Users/farah/.m2/repository/com/fasterxml/jackson/core/jackson-databind/2.10.3/jackson-databind-2.10.3.jar:/Users/farah/.m2/repository/com/fasterxml/jackson/core/jackson-core/2.10.3/jackson-core-2.10.3.jar:/Users/farah/.m2/repository/org/bouncycastle/bcpkix-jdk15on/1.64/bcpkix-jdk15on-1.64.jar:/Users/farah/.m2/repository/org/bouncycastle/bcprov-jdk15on/1.64/bcprov-jdk15on-1.64.jar:/Users/farah/.m2/repository/org/slf4j/jcl-over-slf4j/1.7.30/jcl-over-slf4j-1.7.30.jar:/Users/farah/.m2/repository/com/github/docker-java/docker-java-transport-httpclient5/3.2.14/docker-java-transport-httpclient5-3.2.14.jar:/Users/farah/.m2/repository/com/github/docker-java/docker-java-transport/3.2.14/docker-java-transport-3.2.14.jar:/Users/farah/.m2/repository/net/java/dev/jna/jna/5.12.1/jna-5.12.1.jar:/Users/farah/.m2/repository/org/brotli/dec/0.1.2/dec-0.1.2.jar:/Users/farah/.m2/repository/org/apache/commons/commons-lang3/3.12.0/commons-lang3-3.12.0.jar:/Users/farah/.m2/repository/org/apache/httpcomponents/client5/httpclient5/5.2.1/httpclient5-5.2.1.jar:/Users/farah/.m2/repository/org/apache/httpcomponents/core5/httpcore5/5.2/httpcore5-5.2.jar:/Users/farah/.m2/repository/org/apache/httpcomponents/core5/httpcore5-h2/5.2/httpcore5-h2-5.2.jar:"/>
    <property name="sun.cpu.endian" value="little"/>
    <property name="user.home" value="/Users/farah"/>
    <property name="user.language" value="en"/>
    <property name="java.specification.vendor" value="Oracle Corporation"/>
    <property name="java.version.date" value="2023-07-18"/>
    <property name="java.home" value="/Library/Java/JavaVirtualMachines/jdk-17.jdk/Contents/Home"/>
    <property name="file.separator" value="/"/>
    <property name="basedir" value="/Users/farah/Desktop/orangeHRMAutomation/Autoamtion"/>
    <property name="java.vm.compressedOopsMode" value="Zero based"/>
    <property name="line.separator" value="&#10;"/>
    <property name="java.vm.specification.vendor" value="Oracle Corporation"/>
    <property name="java.specification.name" value="Java Platform API Specification"/>
    <property name="surefire.real.class.path" value="/Users/farah/Desktop/orangeHRMAutomation/Autoamtion/target/surefire/surefirebooter-20230830182735308_3.jar"/>
    <property name="sun.management.compiler" value="HotSpot 64-Bit Tiered Compilers"/>
    <property name="ftp.nonProxyHosts" value="local|*.local|169.254/16|*.169.254/16"/>
    <property name="java.runtime.version" value="17.0.8+9-LTS-211"/>
    <property name="user.name" value="farah"/>
    <property name="path.separator" value=":"/>
    <property name="os.version" value="13.3"/>
    <property name="java.runtime.name" value="Java(TM) SE Runtime Environment"/>
    <property name="file.encoding" value="UTF-8"/>
    <property name="java.vm.name" value="Java HotSpot(TM) 64-Bit Server VM"/>
    <property name="localRepository" value="/Users/farah/.m2/repository"/>
    <property name="java.vendor.url.bug" value="https://bugreport.java.com/bugreport/"/>
    <property name="java.io.tmpdir" value="/var/folders/7_/0brvq65j4p7_ss6hyqfgf0zh0000gn/T/"/>
    <property name="idea.version" value="2023.1.3"/>
    <property name="java.version" value="17.0.8"/>
    <property name="user.dir" value="/Users/farah/Desktop/orangeHRMAutomation/Autoamtion"/>
    <property name="os.arch" value="aarch64"/>
    <property name="java.vm.specification.name" value="Java Virtual Machine Specification"/>
    <property name="native.encoding" value="UTF-8"/>
    <property name="java.library.path" value="/Users/farah/Library/Java/Extensions:/Library/Java/Extensions:/Network/Library/Java/Extensions:/System/Library/Java/Extensions:/usr/lib/java:."/>
    <property name="java.vm.info" value="mixed mode, sharing"/>
    <property name="java.vendor" value="Oracle Corporation"/>
    <property name="java.vm.version" value="17.0.8+9-LTS-211"/>
    <property name="sun.io.unicode.encoding" value="UnicodeBig"/>
    <property name="socksNonProxyHosts" value="local|*.local|169.254/16|*.169.254/16"/>
    <property name="java.class.version" value="61.0"/>
  </properties>
  <testcase name="runScenario[&quot;As a  user I want to be able to upload attachment&quot;, &quot;Optional[be able to add a attachment to the Immigration section on my info page on  to orangeHRM site]&quot;](1)" classname="Runner" time="20.69">
    <system-err><![CDATA[SLF4J: Failed to load class "org.slf4j.impl.StaticLoggerBinder".
SLF4J: Defaulting to no-operation (NOP) logger implementation
SLF4J: See http://www.slf4j.org/codes.html#StaticLoggerBinder for further details.
Starting ChromeDriver 116.0.5845.96 (1a391816688002153ef791ffe60d9e899a71a037-refs/branch-heads/5845@{#1382}) on port 1329
Only local connections are allowed.
Please see https://chromedriver.chromium.org/security-considerations for suggestions on keeping ChromeDriver safe.
ChromeDriver was started successfully.
Aug 30, 2023 6:27:36 PM org.openqa.selenium.devtools.CdpVersionFinder findNearestMatch
WARNING: Unable to find CDP implementation matching 116
Aug 30, 2023 6:27:36 PM org.openqa.selenium.chromium.ChromiumDriver lambda$new$3
WARNING: Unable to find version of CDP to use for . You may need to include a dependency on a specific version of the CDP using something similar to `org.seleniumhq.selenium:selenium-devtools-v86:4.5.3` where the version ("v86") matches the version of the chromium-based browser you're using and the version number of the artifact is the same as Selenium's.
]]></system-err>
  </testcase>
</testsuite>