<?xml version="1.0" encoding="UTF-8"?>
<!-- Generated by org.testng.reporters.JUnitReportReporter -->
<testsuite hostname="Farahs-Air" failures="0" tests="1" name="Runner" time="20.690" errors="0" timestamp="2023-08-30T18:27:56 EET" skipped="0">
  <testcase classname="Runner" name="runScenario" time="20.690"/>
  <system-out/>
</testsuite> <!-- Runner -->
